#
# There is insufficient memory for the Java Runtime Environment to continue.
# Native memory allocation (mmap) failed to map 134217728 bytes. Error detail: G1 virtual space
# Possible reasons:
#   The system is out of physical RAM or swap space
#   This process is running with CompressedOops enabled, and the Java Heap may be blocking the growth of the native heap
# Possible solutions:
#   Reduce memory load on the system
#   Increase physical memory or swap space
#   Check if swap backing store is full
#   Decrease Java heap size (-Xmx/-Xms)
#   Decrease number of Java threads
#   Decrease Java thread stack sizes (-Xss)
#   Set larger code cache with -XX:ReservedCodeCacheSize=
#   JVM is running with Unscaled Compressed Oops mode in which the Java heap is
#     placed in the first 4GB address space. The Java Heap base address is the
#     maximum limit for the native heap growth. Please use -XX:HeapBaseMinAddress
#     to set the Java Heap base and to place the Java Heap above 4GB virtual address.
# This output file may be truncated or incomplete.
#
#  Out of Memory Error (os_windows.cpp:3631), pid=14092, tid=13872
#
# JRE version:  (22.0.1+8) (build )
# Java VM: Java HotSpot(TM) 64-Bit Server VM (22.0.1+8-16, mixed mode, sharing, tiered, compressed oops, compressed class ptrs, g1 gc, windows-amd64)
# No core dump will be written. Minidumps are not enabled by default on client versions of Windows
#

---------------  S U M M A R Y ------------

Command Line: -XX:+ShowCodeDetailsInExceptionMessages -agentlib:jdwp=transport=dt_socket,suspend=y,address=localhost:61310 -javaagent:C:\Users\trand\Downloads\eclipse-java-2024-06-R-win32-x86_64\eclipse\configuration\org.eclipse.osgi\251\0\.cp\lib\javaagent-shaded.jar -Dfile.encoding=UTF-8 -Dstdout.encoding=UTF-8 -Dstderr.encoding=UTF-8 App.test

Host: Intel(R) Core(TM) i5-4210U CPU @ 1.70GHz, 4 cores, 7G,  Windows 10 , 64 bit Build 19041 (10.0.19041.4957)
Time: Sun Oct 27 14:38:19 2024 SE Asia Standard Time elapsed time: 0.034126 seconds (0d 0h 0m 0s)

---------------  T H R E A D  ---------------

Current thread (0x00000195355510f0):  JavaThread "Unknown thread" [_thread_in_vm, id=13872, stack(0x0000001a89a00000,0x0000001a89b00000) (1024K)]

Stack: [0x0000001a89a00000,0x0000001a89b00000]
Native frames: (J=compiled Java code, j=interpreted, Vv=VM code, C=native code)
V  [jvm.dll+0x6e2279]  (no source info available)
V  [jvm.dll+0x874e33]  (no source info available)
V  [jvm.dll+0x87725e]  (no source info available)
V  [jvm.dll+0x877933]  (no source info available)
V  [jvm.dll+0x27fd76]  (no source info available)
V  [jvm.dll+0x6de915]  (no source info available)
V  [jvm.dll+0x6d341a]  (no source info available)
V  [jvm.dll+0x3589da]  (no source info available)
V  [jvm.dll+0x360f06]  (no source info available)
V  [jvm.dll+0x3b3e2e]  (no source info available)
V  [jvm.dll+0x3b40d8]  (no source info available)
V  [jvm.dll+0x32c59c]  (no source info available)
V  [jvm.dll+0x32d158]  (no source info available)
V  [jvm.dll+0x83ccdc]  (no source info available)
V  [jvm.dll+0x3c0d71]  (no source info available)
V  [jvm.dll+0x825ccc]  (no source info available)
V  [jvm.dll+0x45b8fe]  (no source info available)
V  [jvm.dll+0x45d781]  (no source info available)
C  [jli.dll+0x52a3]  (no source info available)
C  [ucrtbase.dll+0x21bb2]  (no source info available)
C  [KERNEL32.DLL+0x17374]  (no source info available)
C  [ntdll.dll+0x4cc91]  (no source info available)


---------------  P R O C E S S  ---------------

Threads class SMR info:
_java_thread_list=0x00007ffc26b5b1c8, length=0, elements={
}

Java Threads: ( => current thread )
Total: 0

Other Threads:
  0x0000019537750d20 WorkerThread "GC Thread#0"                     [id=10320, stack(0x0000001a89b00000,0x0000001a89c00000) (1024K)]
  0x0000019537763940 ConcurrentGCThread "G1 Main Marker"            [id=1312, stack(0x0000001a89c00000,0x0000001a89d00000) (1024K)]
  0x0000019537764360 WorkerThread "G1 Conc#0"                       [id=14360, stack(0x0000001a89d00000,0x0000001a89e00000) (1024K)]

[error occurred during error reporting (printing all threads), id 0xc0000005, EXCEPTION_ACCESS_VIOLATION (0xc0000005) at pc=0x00007ffc262af367]
VM state: not at safepoint (not fully initialized)

VM Mutex/Monitor currently owned by a thread:  ([mutex/lock_event])
[0x00007ffc26bdbcb8] Heap_lock - owner thread: 0x00000195355510f0

Heap address: 0x0000000081c00000, size: 2020 MB, Compressed Oops mode: 32-bit

CDS archive(s) mapped at: [0x0000000000000000-0x0000000000000000-0x0000000000000000), size 0, SharedBaseAddress: 0x0000000800000000, ArchiveRelocationMode: 1.
Narrow klass base: 0x0000000000000000, Narrow klass shift: 0, Narrow klass range: 0x0

GC Precious Log:
 CardTable entry size: 512
 Card Set container configuration: InlinePtr #cards 5 size 8 Array Of Cards #cards 12 size 40 Howl #buckets 4 coarsen threshold 1843 Howl Bitmap #cards 512 size 80 coarsen threshold 460 Card regions per heap region 1 cards per card region 2048

Heap:
 garbage-first heap   total reserved 2068480K, committed 0K, used 0K [0x0000000081c00000, 0x0000000100000000)
  region size 1024K, 0 young (0K), 0 survivors (0K)

[error occurred during error reporting (printing heap information), id 0xc0000005, EXCEPTION_ACCESS_VIOLATION (0xc0000005) at pc=0x00007ffc266ae429]
GC Heap History (0 events):
No events

Dll operation events (1 events):
Event: 0.028 Loaded shared library D:\app\jdk\bin\java.dll

Deoptimization events (0 events):
No events

Classes loaded (0 events):
No events

Classes unloaded (0 events):
No events

Classes redefined (0 events):
No events

Internal exceptions (0 events):
No events

ZGC Phase Switch (0 events):
No events

VM Operations (0 events):
No events

Events (0 events):
No events


Dynamic libraries:
0x00007ff652d90000 - 0x00007ff652da0000 	D:\app\jdk\bin\javaw.exe
0x00007ffcb3430000 - 0x00007ffcb3628000 	C:\Windows\SYSTEM32\ntdll.dll
0x00007ffcb2520000 - 0x00007ffcb25e2000 	C:\Windows\System32\KERNEL32.DLL
0x00007ffcb0b40000 - 0x00007ffcb0e3e000 	C:\Windows\System32\KERNELBASE.dll
0x00007ffcb0e40000 - 0x00007ffcb0f40000 	C:\Windows\System32\ucrtbase.dll
0x00007ffcabc20000 - 0x00007ffcabc37000 	D:\app\jdk\bin\jli.dll
0x00007ffcb2fd0000 - 0x00007ffcb3082000 	C:\Windows\System32\ADVAPI32.dll
0x00007ffcb2ab0000 - 0x00007ffcb2b4e000 	C:\Windows\System32\msvcrt.dll
0x00007ffcb3090000 - 0x00007ffcb3130000 	C:\Windows\System32\sechost.dll
0x00007ffcb3130000 - 0x00007ffcb3253000 	C:\Windows\System32\RPCRT4.dll
0x00007ffcb1420000 - 0x00007ffcb1447000 	C:\Windows\System32\bcrypt.dll
0x00007ffcb2750000 - 0x00007ffcb28ed000 	C:\Windows\System32\USER32.dll
0x00007ffcb1140000 - 0x00007ffcb1162000 	C:\Windows\System32\win32u.dll
0x00007ffcb1450000 - 0x00007ffcb147b000 	C:\Windows\System32\GDI32.dll
0x00007ffcb1270000 - 0x00007ffcb1387000 	C:\Windows\System32\gdi32full.dll
0x00007ffcb10a0000 - 0x00007ffcb113d000 	C:\Windows\System32\msvcp_win.dll
0x00007ffcabd00000 - 0x00007ffcabd1b000 	D:\app\jdk\bin\VCRUNTIME140.dll
0x00007ffc931f0000 - 0x00007ffc9348a000 	C:\Windows\WinSxS\amd64_microsoft.windows.common-controls_6595b64144ccf1df_6.0.19041.4355_none_60b8b9eb71f62e16\COMCTL32.dll
0x00007ffcaa990000 - 0x00007ffcaa99a000 	C:\Windows\SYSTEM32\VERSION.dll
0x00007ffcb2720000 - 0x00007ffcb274f000 	C:\Windows\System32\IMM32.DLL
0x00007ffcae0b0000 - 0x00007ffcae0bc000 	D:\app\jdk\bin\vcruntime140_1.dll
0x00007ffc80760000 - 0x00007ffc807ee000 	D:\app\jdk\bin\msvcp140.dll
0x00007ffc25f70000 - 0x00007ffc26cb7000 	D:\app\jdk\bin\server\jvm.dll
0x00007ffcb1680000 - 0x00007ffcb16eb000 	C:\Windows\System32\WS2_32.dll
0x00007ffcb0010000 - 0x00007ffcb005b000 	C:\Windows\SYSTEM32\POWRPROF.dll
0x00007ffc98010000 - 0x00007ffc98037000 	C:\Windows\SYSTEM32\WINMM.dll
0x00007ffcafed0000 - 0x00007ffcafee2000 	C:\Windows\SYSTEM32\UMPDC.dll
0x00007ffcae950000 - 0x00007ffcae962000 	C:\Windows\SYSTEM32\kernel.appcore.dll
0x00007ffcad860000 - 0x00007ffcad86a000 	D:\app\jdk\bin\jimage.dll
0x00007ffc900e0000 - 0x00007ffc902c4000 	C:\Windows\SYSTEM32\DBGHELP.DLL
0x00007ffc8ecb0000 - 0x00007ffc8ece4000 	C:\Windows\SYSTEM32\dbgcore.DLL
0x00007ffcb1390000 - 0x00007ffcb1412000 	C:\Windows\System32\bcryptPrimitives.dll
0x00007ffcabbe0000 - 0x00007ffcabc1c000 	D:\app\jdk\bin\jdwp.dll
0x00007ffcabcf0000 - 0x00007ffcabcff000 	D:\app\jdk\bin\instrument.dll
0x00007ffcab5b0000 - 0x00007ffcab5ce000 	D:\app\jdk\bin\java.dll
0x00007ffcb16f0000 - 0x00007ffcb1e5f000 	C:\Windows\System32\SHELL32.dll
0x00007ffcb25f0000 - 0x00007ffcb271b000 	C:\Windows\System32\ole32.dll
0x00007ffcb21c0000 - 0x00007ffcb2513000 	C:\Windows\System32\combase.dll

dbghelp: loaded successfully - version: 4.0.5 - missing functions: none
symbol engine: initialized successfully - sym options: 0x614 - pdb path: .;D:\app\jdk\bin;C:\Windows\SYSTEM32;C:\Windows\WinSxS\amd64_microsoft.windows.common-controls_6595b64144ccf1df_6.0.19041.4355_none_60b8b9eb71f62e16;D:\app\jdk\bin\server

VM Arguments:
jvm_args: -XX:+ShowCodeDetailsInExceptionMessages -agentlib:jdwp=transport=dt_socket,suspend=y,address=localhost:61310 -javaagent:C:\Users\trand\Downloads\eclipse-java-2024-06-R-win32-x86_64\eclipse\configuration\org.eclipse.osgi\251\0\.cp\lib\javaagent-shaded.jar -Dfile.encoding=UTF-8 -Dstdout.encoding=UTF-8 -Dstderr.encoding=UTF-8 
java_command: App.test
java_class_path (initial): D:\1.HK124\4.7.TH-LTHDT\eclipse-workspace\AppNganHang\bin
Launcher Type: SUN_STANDARD

[Global flags]
     intx CICompilerCount                          = 3                                         {product} {ergonomic}
     uint ConcGCThreads                            = 1                                         {product} {ergonomic}
     uint G1ConcRefinementThreads                  = 4                                         {product} {ergonomic}
   size_t G1HeapRegionSize                         = 1048576                                   {product} {ergonomic}
   size_t InitialHeapSize                          = 134217728                                 {product} {ergonomic}
   size_t MarkStackSize                            = 4194304                                   {product} {ergonomic}
   size_t MaxHeapSize                              = 2118123520                                {product} {ergonomic}
   size_t MinHeapDeltaBytes                        = 1048576                                   {product} {ergonomic}
   size_t MinHeapSize                              = 8388608                                   {product} {ergonomic}
    uintx NonNMethodCodeHeapSize                   = 5832780                                {pd product} {ergonomic}
    uintx NonProfiledCodeHeapSize                  = 122912730                              {pd product} {ergonomic}
    uintx ProfiledCodeHeapSize                     = 122912730                              {pd product} {ergonomic}
    uintx ReservedCodeCacheSize                    = 251658240                              {pd product} {ergonomic}
     bool SegmentedCodeCache                       = true                                      {product} {ergonomic}
     bool ShowCodeDetailsInExceptionMessages       = true                                   {manageable} {command line}
   size_t SoftMaxHeapSize                          = 2118123520                             {manageable} {ergonomic}
     bool UseCompressedOops                        = true                           {product lp64_product} {ergonomic}
     bool UseG1GC                                  = true                                      {product} {ergonomic}
     bool UseLargePagesIndividualAllocation        = false                                  {pd product} {ergonomic}

Logging:
Log output configuration:
 #0: stdout all=warning uptime,level,tags foldmultilines=false
 #1: stderr all=off uptime,level,tags foldmultilines=false

Environment Variables:
JAVA_HOME=D:\app\jdk
PATH=C:/Users/trand/Downloads/eclipse-java-2024-06-R-win32-x86_64/eclipse//plugins/org.eclipse.justj.openjdk.hotspot.jre.full.win32.x86_64_21.0.3.v20240426-1530/jre/bin/server;C:/Users/trand/Downloads/eclipse-java-2024-06-R-win32-x86_64/eclipse//plugins/org.eclipse.justj.openjdk.hotspot.jre.full.win32.x86_64_21.0.3.v20240426-1530/jre/bin;C:\Program Files\Common Files\Oracle\Java\javapath;C:\Windows\system32;C:\Windows;C:\Windows\System32\Wbem;C:\Windows\System32\WindowsPowerShell\v1.0\;C:\Windows\System32\OpenSSH\;C:\Program Files (x86)\Microsoft SQL Server\160\DTS\Binn\;D:\app\Git\cmd;C:\Program Files\Microsoft SQL Server\Client SDK\ODBC\170\Tools\Binn\;C:\Program Files (x86)\Microsoft SQL Server\150\Tools\Binn\;C:\Program Files\Microsoft SQL Server\150\Tools\Binn\;C:\Program Files\Microsoft SQL Server\150\DTS\Binn\;C:\Program Files (x86)\Microsoft SQL Server\150\DTS\Binn\;C:\Users\trand\AppData\Local\Microsoft\WindowsApps;D:\app\Microsoft VS Code\bin;D:\app\jdk\bin;;C:\Users\trand\Downloads\eclipse-java-2024-06-R-win32-x86_64\eclipse;
USERNAME=trand
OS=Windows_NT
PROCESSOR_IDENTIFIER=Intel64 Family 6 Model 69 Stepping 1, GenuineIntel
TMP=C:\Users\trand\AppData\Local\Temp
TEMP=C:\Users\trand\AppData\Local\Temp




Periodic native trim disabled

---------------  S Y S T E M  ---------------

OS:
 Windows 10 , 64 bit Build 19041 (10.0.19041.4957)
OS uptime: 0 days 5:45 hours

CPU: total 4 (initial active 4) (2 cores per cpu, 2 threads per core) family 6 model 69 stepping 1 microcode 0x25, cx8, cmov, fxsr, ht, mmx, sse, sse2, sse3, ssse3, sse4.1, sse4.2, popcnt, lzcnt, tsc, tscinvbit, avx, avx2, aes, erms, clmul, bmi1, bmi2, fma, vzeroupper, clflush, rdtscp, f16c
Processor Information for all 4 processors :
  Max Mhz: 2401, Current Mhz: 2401, Mhz Limit: 2401

Memory: 4k page, system-wide physical 8072M (2146M free)
TotalPageFile size 13175M (AvailPageFile size 73M)
current process WorkingSet (physical memory assigned to process): 11M, peak: 11M
current process commit charge ("private bytes"): 52M, peak: 180M

vm_info: Java HotSpot(TM) 64-Bit Server VM (22.0.1+8-16) for windows-amd64 JRE (22.0.1+8-16), built on 2024-03-12T10:33:16Z by "mach5one" with MS VC++ 17.6 (VS2022)

END.
